<?xml version="1.0" encoding="UTF-8"?>
<testng-results skipped="0" failed="0" ignored="0" total="1" passed="1">
  <reporter-output>
  </reporter-output>
  <suite name="Default suite" duration-ms="10576" started-at="2020-07-27T20:45:22 EDT" finished-at="2020-07-27T20:45:32 EDT">
    <groups>
    </groups>
    <test name="Default test" duration-ms="10576" started-at="2020-07-27T20:45:22 EDT" finished-at="2020-07-27T20:45:32 EDT">
      <class name="browser.PokeBrowser">
        <test-method status="PASS" signature="loginPage()[pri:0, instance:browser.PokeBrowser@6321e813]" name="loginPage" duration-ms="10497" started-at="2020-07-27T20:45:22 EDT" finished-at="2020-07-27T20:45:32 EDT">
          <reporter-output>
          </reporter-output>
        </test-method> <!-- loginPage -->
      </class> <!-- browser.PokeBrowser -->
    </test> <!-- Default test -->
  </suite> <!-- Default suite -->
</testng-results>
